app/build/intermediates/manifest_merge_blame_file/A_GFX_UPDATEDebug/manifest-merger-blame-A_GFX_UPDATE-debug-report.txt
1<?xml version="1.0" encoding="utf-8"?>
2<manifest xmlns:android="http://schemas.android.com/apk/res/android"
3    package="com.cabdespatch.driversapp"
4    android:versionCode="5130007"
5    android:versionName="5.137c-d" >
6
7    <uses-sdk
7-->src/main/AndroidManifest.xml:8:5-70
8        android:minSdkVersion="21"
8-->src/main/AndroidManifest.xml:8:5-70
9        android:targetSdkVersion="31" />
9-->src/main/AndroidManifest.xml:8:5-70
10
11    <uses-permission android:name="android.permission.INTERNET" />
11-->src/main/AndroidManifest.xml:10:5-67
11-->src/main/AndroidManifest.xml:10:22-64
12    <uses-permission android:name="com.google.android.c2dm.permission.RECEIVE" />
12-->src/main/AndroidManifest.xml:11:5-82
12-->src/main/AndroidManifest.xml:11:22-79
13    <uses-permission android:name="android.permission.READ_PHONE_STATE" />
13-->src/main/AndroidManifest.xml:12:5-75
13-->src/main/AndroidManifest.xml:12:22-72
14    <uses-permission android:name="android.permission.READ_SMS" />
14-->src/main/AndroidManifest.xml:13:5-67
14-->src/main/AndroidManifest.xml:13:22-64
15    <uses-permission android:name="android.permission.READ_PHONE_NUMBERS" />
15-->src/main/AndroidManifest.xml:14:5-77
15-->src/main/AndroidManifest.xml:14:22-74
16    <uses-permission android:name="android.permission.RECORD_AUDIO" />
16-->src/main/AndroidManifest.xml:15:5-71
16-->src/main/AndroidManifest.xml:15:22-68
17    <uses-permission android:name="android.permission.ACCESS_LOCATION_EXTRA_COMMANDS" />
17-->src/main/AndroidManifest.xml:16:5-89
17-->src/main/AndroidManifest.xml:16:22-86
18    <uses-permission android:name="android.permission.ACCESS_NETWORK_STATE" />
18-->src/main/AndroidManifest.xml:17:5-79
18-->src/main/AndroidManifest.xml:17:22-76
19    <uses-permission android:name="android.permission.ACCESS_WIFI_STATE" />
19-->src/main/AndroidManifest.xml:18:5-76
19-->src/main/AndroidManifest.xml:18:22-73
20    <uses-permission android:name="android.permission.WRITE_EXTERNAL_STORAGE" />
20-->src/main/AndroidManifest.xml:19:5-81
20-->src/main/AndroidManifest.xml:19:22-78
21    <uses-permission android:name="android.permission.ACCESS_FINE_LOCATION" />
21-->src/main/AndroidManifest.xml:20:5-79
21-->src/main/AndroidManifest.xml:20:22-76
22    <uses-permission android:name="android.permission.ACCESS_BACKGROUND_LOCATION" />
22-->src/main/AndroidManifest.xml:21:5-85
22-->src/main/AndroidManifest.xml:21:22-82
23    <uses-permission android:name="android.permission.CALL_PHONE" />
23-->src/main/AndroidManifest.xml:22:5-69
23-->src/main/AndroidManifest.xml:22:22-66
24    <uses-permission android:name="android.permission.SYSTEM_ALERT_WINDOW" />
24-->src/main/AndroidManifest.xml:23:5-78
24-->src/main/AndroidManifest.xml:23:22-75
25    <uses-permission android:name="android.permission.WAKE_LOCK" />
25-->src/main/AndroidManifest.xml:24:5-68
25-->src/main/AndroidManifest.xml:24:22-65
26    <uses-permission android:name="android.permission.READ_EXTERNAL_STORAGE" />
26-->src/main/AndroidManifest.xml:25:5-80
26-->src/main/AndroidManifest.xml:25:22-77
27    <uses-permission android:name="android.permission.VIBRATE" />
27-->src/main/AndroidManifest.xml:26:5-66
27-->src/main/AndroidManifest.xml:26:22-63
28    <uses-permission android:name="android.permission.FOREGROUND_SERVICE" />
28-->src/main/AndroidManifest.xml:27:5-77
28-->src/main/AndroidManifest.xml:27:22-74
29
30    <uses-feature
30-->src/main/AndroidManifest.xml:29:5-31:36
31        android:name="android.hardware.camera"
31-->src/main/AndroidManifest.xml:30:9-47
32        android:required="false" />
32-->src/main/AndroidManifest.xml:31:9-33
33
34    <uses-permission android:name="android.permission.ACCESS_COARSE_LOCATION" />
34-->[com.sumup:merchant-sdk:3.3.0] AndroidManifest.xml:14:5-81
34-->[com.sumup:merchant-sdk:3.3.0] AndroidManifest.xml:14:22-78
35    <uses-permission android:name="android.permission.BLUETOOTH" />
35-->[com.sumup:merchant-sdk:3.3.0] AndroidManifest.xml:15:5-68
35-->[com.sumup:merchant-sdk:3.3.0] AndroidManifest.xml:15:22-65
36    <uses-permission android:name="android.permission.BLUETOOTH_ADMIN" />
36-->[com.sumup:merchant-sdk:3.3.0] AndroidManifest.xml:16:5-74
36-->[com.sumup:merchant-sdk:3.3.0] AndroidManifest.xml:16:22-71
37
38    <uses-feature
38-->[com.sumup:merchant-sdk:3.3.0] AndroidManifest.xml:18:5-20:35
39        android:glEsVersion="0x00020000"
39-->[com.sumup:merchant-sdk:3.3.0] AndroidManifest.xml:19:9-41
40        android:required="true" />
40-->[com.sumup:merchant-sdk:3.3.0] AndroidManifest.xml:20:9-32
41    <uses-feature
41-->[com.sumup:merchant-sdk:3.3.0] AndroidManifest.xml:21:5-23:36
42        android:name="android.hardware.location.gps"
42-->[com.sumup:merchant-sdk:3.3.0] AndroidManifest.xml:22:9-53
43        android:required="false" />
43-->[com.sumup:merchant-sdk:3.3.0] AndroidManifest.xml:23:9-33
44    <uses-feature
44-->[com.sumup:merchant-sdk:3.3.0] AndroidManifest.xml:24:5-26:36
45        android:name="android.hardware.location.network"
45-->[com.sumup:merchant-sdk:3.3.0] AndroidManifest.xml:25:9-57
46        android:required="false" /> <!-- Also implied, but also really needed -->
46-->[com.sumup:merchant-sdk:3.3.0] AndroidManifest.xml:26:9-33
47    <uses-feature
47-->[com.sumup:merchant-sdk:3.3.0] AndroidManifest.xml:28:5-30:35
48        android:name="android.hardware.touchscreen"
48-->[com.sumup:merchant-sdk:3.3.0] AndroidManifest.xml:29:9-52
49        android:required="true" />
49-->[com.sumup:merchant-sdk:3.3.0] AndroidManifest.xml:30:9-32
50    <uses-feature
50-->[com.sumup:merchant-sdk:3.3.0] AndroidManifest.xml:31:5-33:35
51        android:name="android.hardware.screen.portrait"
51-->[com.sumup:merchant-sdk:3.3.0] AndroidManifest.xml:32:9-56
52        android:required="true" /> <!-- any location is good enough for us -->
52-->[com.sumup:merchant-sdk:3.3.0] AndroidManifest.xml:33:9-32
53    <uses-feature
53-->[com.sumup:merchant-sdk:3.3.0] AndroidManifest.xml:35:5-37:35
54        android:name="android.hardware.location"
54-->[com.sumup:merchant-sdk:3.3.0] AndroidManifest.xml:36:9-49
55        android:required="true" /> <!-- Only necessary because of missing checks. See: APPS-801 -->
55-->[com.sumup:merchant-sdk:3.3.0] AndroidManifest.xml:37:9-32
56    <uses-feature
56-->[com.sumup:merchant-sdk:3.3.0] AndroidManifest.xml:39:5-41:35
57        android:name="android.hardware.bluetooth"
57-->[com.sumup:merchant-sdk:3.3.0] AndroidManifest.xml:40:9-50
58        android:required="true" /> <!-- See https://developer.android.com/training/package-visibility/declaring for more details. -->
58-->[com.sumup:merchant-sdk:3.3.0] AndroidManifest.xml:41:9-32
59    <queries>
59-->[com.stripe:payments-core:20.27.3] AndroidManifest.xml:8:5-12:15
60
61        <!-- Added to check if Chrome is installed for browser-based payment authentication (e.g. 3DS1). -->
62        <package android:name="com.android.chrome" />
62-->[com.stripe:payments-core:20.27.3] AndroidManifest.xml:11:9-54
62-->[com.stripe:payments-core:20.27.3] AndroidManifest.xml:11:18-51
63        <!-- Added to check the default browser that will host the AuthFlow. -->
64        <intent>
64-->[com.stripe:financial-connections:20.27.3] AndroidManifest.xml:13:9-17:18
65            <action android:name="android.intent.action.VIEW" />
65-->src/main/AndroidManifest.xml:127:17-69
65-->src/main/AndroidManifest.xml:127:25-66
66
67            <data android:scheme="http" />
67-->src/main/AndroidManifest.xml:131:17-47
67-->src/main/AndroidManifest.xml:131:23-44
68        </intent> <!-- Needs to be explicitly declared on Android R+ -->
69        <package android:name="com.google.android.apps.maps" />
69-->[com.google.android.gms:play-services-maps:18.0.2] AndroidManifest.xml:33:9-64
69-->[com.google.android.gms:play-services-maps:18.0.2] AndroidManifest.xml:33:18-61
70    </queries>
71
72    <uses-permission android:name="android.permission.POST_NOTIFICATIONS" />
72-->[com.google.firebase:firebase-messaging:23.2.0] AndroidManifest.xml:25:5-77
72-->[com.google.firebase:firebase-messaging:23.2.0] AndroidManifest.xml:25:22-74
73    <uses-permission android:name="com.google.android.gms.permission.AD_ID" />
73-->[com.google.android.gms:play-services-measurement-api:21.3.0] AndroidManifest.xml:25:5-79
73-->[com.google.android.gms:play-services-measurement-api:21.3.0] AndroidManifest.xml:25:22-76
74    <uses-permission android:name="com.google.android.finsky.permission.BIND_GET_INSTALL_REFERRER_SERVICE" />
74-->[com.google.android.gms:play-services-measurement:21.3.0] AndroidManifest.xml:26:5-110
74-->[com.google.android.gms:play-services-measurement:21.3.0] AndroidManifest.xml:26:22-107
75
76    <permission
76-->[androidx.core:core:1.9.0] AndroidManifest.xml:22:5-24:47
77        android:name="com.cabdespatch.driversapp.DYNAMIC_RECEIVER_NOT_EXPORTED_PERMISSION"
77-->[androidx.core:core:1.9.0] AndroidManifest.xml:23:9-81
78        android:protectionLevel="signature" />
78-->[androidx.core:core:1.9.0] AndroidManifest.xml:24:9-44
79
80    <uses-permission android:name="com.cabdespatch.driversapp.DYNAMIC_RECEIVER_NOT_EXPORTED_PERMISSION" />
80-->[androidx.core:core:1.9.0] AndroidManifest.xml:26:5-97
80-->[androidx.core:core:1.9.0] AndroidManifest.xml:26:22-94
81
82    <application
82-->src/main/AndroidManifest.xml:33:5-264:19
83        android:name="com.cabdespatch.driverapp.beta.CabApplication"
83-->src/main/AndroidManifest.xml:34:9-39
84        android:allowBackup="true"
84-->src/main/AndroidManifest.xml:35:9-35
85        android:appComponentFactory="androidx.core.app.CoreComponentFactory"
85-->[androidx.core:core:1.9.0] AndroidManifest.xml:28:18-86
86        android:debuggable="true"
87        android:icon="@mipmap/ic_launcher"
87-->src/main/AndroidManifest.xml:36:9-43
88        android:installLocation="internalOnly"
88-->src/main/AndroidManifest.xml:37:9-47
89        android:label="@string/app_name"
89-->src/main/AndroidManifest.xml:38:9-41
90        android:largeHeap="true"
90-->src/main/AndroidManifest.xml:39:9-33
91        android:testOnly="true"
92        android:theme="@style/AppTheme" >
92-->src/main/AndroidManifest.xml:40:9-40
93        <activity
93-->src/main/AndroidManifest.xml:41:9-43:40
94            android:name="com.cabdespatch.driverapp.beta.activities2017.StripePaymentActivity"
94-->src/main/AndroidManifest.xml:42:13-65
95            android:exported="false" />
95-->src/main/AndroidManifest.xml:43:13-37
96        <activity
96-->src/main/AndroidManifest.xml:44:9-46:40
97            android:name="com.cabdespatch.driverapp.beta.activities2017.DriverPaymentActivity"
97-->src/main/AndroidManifest.xml:45:13-65
98            android:exported="false" />
98-->src/main/AndroidManifest.xml:46:13-37
99        <activity
99-->src/main/AndroidManifest.xml:47:9-49:40
100            android:name="com.cabdespatch.driverapp.beta.activities2017.DriverDocumentActivity"
100-->src/main/AndroidManifest.xml:48:13-66
101            android:exported="false" />
101-->src/main/AndroidManifest.xml:49:13-37
102
103        <provider
104            android:name="androidx.core.content.FileProvider"
104-->src/main/AndroidManifest.xml:52:13-62
105            android:authorities="com.cabdespatch.driversapp.provider"
105-->src/main/AndroidManifest.xml:53:13-60
106            android:exported="false"
106-->src/main/AndroidManifest.xml:54:13-37
107            android:grantUriPermissions="true" >
107-->src/main/AndroidManifest.xml:55:13-47
108            <meta-data
108-->src/main/AndroidManifest.xml:56:13-58:58
109                android:name="android.support.FILE_PROVIDER_PATHS"
109-->src/main/AndroidManifest.xml:57:17-67
110                android:resource="@xml/provider_paths" />
110-->src/main/AndroidManifest.xml:58:17-55
111        </provider>
112        <!--
113        <provider
114            android:name="androidx.core.content.FileProvider"
115            android:authorities="com.example.android.fileprovider"
116            android:exported="false"
117            android:grantUriPermissions="true">
118            <meta-data
119                android:name="android.support.FILE_PROVIDER_PATHS"
120                android:resource="@xml/provider_paths"></meta-data>
121        </provider>
122        -->
123        <activity android:name="com.cabdespatch.driverapp.beta.activities2017.UpdateActivity" />
123-->src/main/AndroidManifest.xml:71:9-67
123-->src/main/AndroidManifest.xml:71:19-64
124        <activity
124-->src/main/AndroidManifest.xml:72:9-76:59
125            android:name="com.cabdespatch.driverapp.beta.activities2017.PaymentActivity"
125-->src/main/AndroidManifest.xml:73:13-59
126            android:label="@string/title_activity_payment"
126-->src/main/AndroidManifest.xml:74:13-59
127            android:launchMode="singleTop"
127-->src/main/AndroidManifest.xml:75:13-43
128            android:theme="@style/AppTheme.NoActionBar" />
128-->src/main/AndroidManifest.xml:76:13-56
129
130        <uses-library
130-->src/main/AndroidManifest.xml:78:9-80:40
131            android:name="org.apache.http.legacy"
131-->src/main/AndroidManifest.xml:79:13-50
132            android:required="false" />
132-->src/main/AndroidManifest.xml:80:13-37
133
134        <activity android:name="com.cabdespatch.driverapp.beta.activities2017.TestActivity" />
134-->src/main/AndroidManifest.xml:82:9-65
134-->src/main/AndroidManifest.xml:82:19-62
135
136        <meta-data
136-->src/main/AndroidManifest.xml:84:9-86:37
137            android:name="firebase_analytics_collection_enabled"
137-->src/main/AndroidManifest.xml:85:13-65
138            android:value="false" />
138-->src/main/AndroidManifest.xml:86:13-34
139
140        <service
140-->src/main/AndroidManifest.xml:88:9-96:19
141            android:name="com.cabdespatch.driverapp.beta.services.FirebaseMessagingService"
141-->src/main/AndroidManifest.xml:89:13-62
142            android:exported="true"
142-->src/main/AndroidManifest.xml:90:13-36
143            android:permission="com.google.android.c2dm.permission.SEND" >
143-->src/main/AndroidManifest.xml:91:13-73
144            <intent-filter>
144-->src/main/AndroidManifest.xml:92:13-95:29
145                <action android:name="com.google.firebase.MESSAGING_EVENT" />
145-->src/main/AndroidManifest.xml:93:17-78
145-->src/main/AndroidManifest.xml:93:25-75
146                <action android:name="com.google.android.c2dm.intent.RECEIVE" />
146-->src/main/AndroidManifest.xml:94:17-81
146-->src/main/AndroidManifest.xml:94:25-78
147            </intent-filter>
148        </service>
149        <service
149-->src/main/AndroidManifest.xml:97:9-102:57
150            android:name="com.cabdespatch.driverapp.beta.services.DataService"
150-->src/main/AndroidManifest.xml:98:13-49
151            android:enabled="true"
151-->src/main/AndroidManifest.xml:99:13-35
152            android:exported="false"
152-->src/main/AndroidManifest.xml:100:13-37
153            android:foregroundServiceType="location"
153-->src/main/AndroidManifest.xml:101:13-53
154            android:label="Cab Despatch Data Service" />
154-->src/main/AndroidManifest.xml:102:13-54
155        <service
155-->src/main/AndroidManifest.xml:103:9-107:61
156            android:name="com.cabdespatch.driverapp.beta.services.UiBlockerService"
156-->src/main/AndroidManifest.xml:104:13-54
157            android:enabled="true"
157-->src/main/AndroidManifest.xml:105:13-35
158            android:exported="false"
158-->src/main/AndroidManifest.xml:106:13-37
159            android:label="Cab Despatch Security Service" />
159-->src/main/AndroidManifest.xml:107:13-58
160        <service
160-->src/main/AndroidManifest.xml:108:9-111:39
161            android:name="com.cabdespatch.driverapp.beta.services.SpeakService"
161-->src/main/AndroidManifest.xml:109:13-50
162            android:enabled="true"
162-->src/main/AndroidManifest.xml:110:13-35
163            android:exported="true" />
163-->src/main/AndroidManifest.xml:111:13-36
164
165        <activity
165-->src/main/AndroidManifest.xml:113:9-135:20
166            android:name="com.cabdespatch.driverapp.beta.activities.Launcher"
166-->src/main/AndroidManifest.xml:114:13-48
167            android:configChanges="orientation|screenSize"
167-->src/main/AndroidManifest.xml:115:13-59
168            android:exported="true"
168-->src/main/AndroidManifest.xml:116:13-36
169            android:hardwareAccelerated="false"
169-->src/main/AndroidManifest.xml:117:13-48
170            android:label="@string/app_name" >
170-->src/main/AndroidManifest.xml:118:13-45
171            <intent-filter>
171-->src/main/AndroidManifest.xml:119:13-125:29
172                <action android:name="android.intent.action.MAIN" />
172-->src/main/AndroidManifest.xml:120:17-69
172-->src/main/AndroidManifest.xml:120:25-66
173
174                <category android:name="android.intent.category.LAUNCHER" />
174-->src/main/AndroidManifest.xml:122:17-77
174-->src/main/AndroidManifest.xml:122:27-74
175                <category android:name="android.intent.category.HOME" />
175-->src/main/AndroidManifest.xml:123:17-73
175-->src/main/AndroidManifest.xml:123:27-70
176                <category android:name="android.intent.category.DEFAULT" />
176-->src/main/AndroidManifest.xml:124:17-76
176-->src/main/AndroidManifest.xml:124:27-73
177            </intent-filter>
178            <intent-filter>
178-->src/main/AndroidManifest.xml:126:13-134:29
179                <action android:name="android.intent.action.VIEW" />
179-->src/main/AndroidManifest.xml:127:17-69
179-->src/main/AndroidManifest.xml:127:25-66
180
181                <category android:name="android.intent.category.DEFAULT" />
181-->src/main/AndroidManifest.xml:124:17-76
181-->src/main/AndroidManifest.xml:124:27-73
182
183                <data android:scheme="file" />
183-->src/main/AndroidManifest.xml:131:17-47
183-->src/main/AndroidManifest.xml:131:23-44
184                <data android:mimeType="text/*" />
184-->src/main/AndroidManifest.xml:131:17-47
184-->src/main/AndroidManifest.xml:132:23-48
185                <data android:pathPattern=".*\\.cdxda" />
185-->src/main/AndroidManifest.xml:131:17-47
185-->src/main/AndroidManifest.xml:133:23-55
186            </intent-filter>
187        </activity>
188        <activity
188-->src/main/AndroidManifest.xml:136:9-141:70
189            android:name="com.cabdespatch.driverapp.beta.activities2017.LoginActivity"
189-->src/main/AndroidManifest.xml:137:13-57
190            android:hardwareAccelerated="false"
190-->src/main/AndroidManifest.xml:138:13-48
191            android:label="@string/app_name"
191-->src/main/AndroidManifest.xml:139:13-45
192            android:launchMode="singleInstance"
192-->src/main/AndroidManifest.xml:140:13-48
193            android:windowSoftInputMode="adjustResize|stateHidden" />
193-->src/main/AndroidManifest.xml:141:13-67
194        <activity
194-->src/main/AndroidManifest.xml:142:9-146:51
195            android:name="com.cabdespatch.driverapp.beta.activities.EngineerModeMenu"
195-->src/main/AndroidManifest.xml:143:13-56
196            android:hardwareAccelerated="false"
196-->src/main/AndroidManifest.xml:144:13-48
197            android:label="@string/app_name"
197-->src/main/AndroidManifest.xml:145:13-45
198            android:launchMode="singleInstance" />
198-->src/main/AndroidManifest.xml:146:13-48
199        <activity
199-->src/main/AndroidManifest.xml:147:9-152:71
200            android:name="com.cabdespatch.driverapp.beta.activities.Password"
200-->src/main/AndroidManifest.xml:148:13-48
201            android:hardwareAccelerated="false"
201-->src/main/AndroidManifest.xml:149:13-48
202            android:label="@string/app_name"
202-->src/main/AndroidManifest.xml:150:13-45
203            android:launchMode="singleInstance"
203-->src/main/AndroidManifest.xml:151:13-48
204            android:windowSoftInputMode="adjustResize|stateVisible" />
204-->src/main/AndroidManifest.xml:152:13-68
205        <activity
205-->src/main/AndroidManifest.xml:153:9-157:51
206            android:name="com.cabdespatch.driverapp.beta.activities.FileBrowser"
206-->src/main/AndroidManifest.xml:154:13-51
207            android:hardwareAccelerated="false"
207-->src/main/AndroidManifest.xml:155:13-48
208            android:label="@string/app_name"
208-->src/main/AndroidManifest.xml:156:13-45
209            android:launchMode="singleInstance" />
209-->src/main/AndroidManifest.xml:157:13-48
210        <activity
210-->src/main/AndroidManifest.xml:158:9-163:71
211            android:name="com.cabdespatch.driverapp.beta.activities.AutoPlot"
211-->src/main/AndroidManifest.xml:159:13-48
212            android:hardwareAccelerated="false"
212-->src/main/AndroidManifest.xml:160:13-48
213            android:label="@string/title_activity_auto_plot"
213-->src/main/AndroidManifest.xml:161:13-61
214            android:launchMode="singleInstance"
214-->src/main/AndroidManifest.xml:162:13-48
215            android:windowSoftInputMode="adjustResize|stateVisible" />
215-->src/main/AndroidManifest.xml:163:13-68
216        <activity
216-->src/main/AndroidManifest.xml:164:9-178:20
217            android:name="com.cabdespatch.driverapp.beta.activities.ResumerActivity"
217-->src/main/AndroidManifest.xml:165:13-55
218            android:exported="true"
218-->src/main/AndroidManifest.xml:166:13-36
219            android:hardwareAccelerated="false"
219-->src/main/AndroidManifest.xml:167:13-48
220            android:label="@string/app_name"
220-->src/main/AndroidManifest.xml:168:13-45
221            android:launchMode="singleInstance" >
221-->src/main/AndroidManifest.xml:169:13-48
222            <intent-filter>
222-->src/main/AndroidManifest.xml:170:13-177:29
223                <action android:name="android.intent.action.VIEW" />
223-->src/main/AndroidManifest.xml:127:17-69
223-->src/main/AndroidManifest.xml:127:25-66
224
225                <category android:name="android.intent.category.DEFAULT" />
225-->src/main/AndroidManifest.xml:124:17-76
225-->src/main/AndroidManifest.xml:124:27-73
226
227                <data android:scheme="http" />
227-->src/main/AndroidManifest.xml:131:17-47
227-->src/main/AndroidManifest.xml:131:23-44
228                <data android:scheme="https" />
228-->src/main/AndroidManifest.xml:131:17-47
228-->src/main/AndroidManifest.xml:131:23-44
229            </intent-filter>
230        </activity>
231        <activity
231-->src/main/AndroidManifest.xml:179:9-183:51
232            android:name="com.cabdespatch.driverapp.beta.activities.ErrorActivity"
232-->src/main/AndroidManifest.xml:180:13-53
233            android:hardwareAccelerated="false"
233-->src/main/AndroidManifest.xml:181:13-48
234            android:label="@string/app_name"
234-->src/main/AndroidManifest.xml:182:13-45
235            android:launchMode="singleInstance" />
235-->src/main/AndroidManifest.xml:183:13-48
236        <activity
236-->src/main/AndroidManifest.xml:184:9-187:48
237            android:name="com.cabdespatch.driverapp.beta.activities.PlotList"
237-->src/main/AndroidManifest.xml:185:13-48
238            android:hardwareAccelerated="false"
238-->src/main/AndroidManifest.xml:186:13-48
239            android:label="@string/app_name" />
239-->src/main/AndroidManifest.xml:187:13-45
240        <activity
240-->src/main/AndroidManifest.xml:188:9-191:48
241            android:name="com.cabdespatch.driverapp.beta.activities2017.JobTotals"
241-->src/main/AndroidManifest.xml:189:13-53
242            android:hardwareAccelerated="false"
242-->src/main/AndroidManifest.xml:190:13-48
243            android:label="@string/app_name" />
243-->src/main/AndroidManifest.xml:191:13-45
244        <activity
244-->src/main/AndroidManifest.xml:192:9-196:51
245            android:name="com.cabdespatch.driverapp.beta.activities2017.DriverMessage"
245-->src/main/AndroidManifest.xml:193:13-57
246            android:hardwareAccelerated="false"
246-->src/main/AndroidManifest.xml:194:13-48
247            android:label="@string/title_activity_driver_message"
247-->src/main/AndroidManifest.xml:195:13-66
248            android:launchMode="singleInstance" />
248-->src/main/AndroidManifest.xml:196:13-48
249        <activity
249-->src/main/AndroidManifest.xml:197:9-201:51
250            android:name="com.cabdespatch.driverapp.beta.activities2017.ViewMessages"
250-->src/main/AndroidManifest.xml:198:13-56
251            android:hardwareAccelerated="false"
251-->src/main/AndroidManifest.xml:199:13-48
252            android:label="@string/app_name"
252-->src/main/AndroidManifest.xml:200:13-45
253            android:launchMode="singleInstance" />
253-->src/main/AndroidManifest.xml:201:13-48
254        <activity
254-->src/main/AndroidManifest.xml:202:9-207:58
255            android:name="com.cabdespatch.driverapp.beta.activities2017.ComposeMessage"
255-->src/main/AndroidManifest.xml:203:13-58
256            android:hardwareAccelerated="@bool/hw_acc_edit_text"
256-->src/main/AndroidManifest.xml:204:13-65
257            android:label="@string/app_name"
257-->src/main/AndroidManifest.xml:205:13-45
258            android:launchMode="singleInstance"
258-->src/main/AndroidManifest.xml:206:13-48
259            android:windowSoftInputMode="adjustResize" />
259-->src/main/AndroidManifest.xml:207:13-55
260        <activity
260-->src/main/AndroidManifest.xml:208:9-212:51
261            android:name="com.cabdespatch.driverapp.beta.activities.PanicActivity"
261-->src/main/AndroidManifest.xml:209:13-53
262            android:hardwareAccelerated="false"
262-->src/main/AndroidManifest.xml:210:13-48
263            android:label="@string/app_name"
263-->src/main/AndroidManifest.xml:211:13-45
264            android:launchMode="singleInstance" />
264-->src/main/AndroidManifest.xml:212:13-48
265        <activity
265-->src/main/AndroidManifest.xml:213:9-217:51
266            android:name="com.cabdespatch.driverapp.beta.activities2017.Settings"
266-->src/main/AndroidManifest.xml:214:13-52
267            android:hardwareAccelerated="false"
267-->src/main/AndroidManifest.xml:215:13-48
268            android:label="@string/app_name"
268-->src/main/AndroidManifest.xml:216:13-45
269            android:launchMode="singleInstance" />
269-->src/main/AndroidManifest.xml:217:13-48
270        <activity
270-->src/main/AndroidManifest.xml:218:9-222:51
271            android:name="com.cabdespatch.driverapp.beta.activities.ResetApp"
271-->src/main/AndroidManifest.xml:219:13-48
272            android:hardwareAccelerated="false"
272-->src/main/AndroidManifest.xml:220:13-48
273            android:label="@string/app_name"
273-->src/main/AndroidManifest.xml:221:13-45
274            android:launchMode="singleInstance" />
274-->src/main/AndroidManifest.xml:222:13-48
275        <activity
275-->src/main/AndroidManifest.xml:223:9-227:51
276            android:name="com.cabdespatch.driverapp.beta.activities2017.ViewJobHistory"
276-->src/main/AndroidManifest.xml:224:13-58
277            android:hardwareAccelerated="false"
277-->src/main/AndroidManifest.xml:225:13-48
278            android:label="@string/app_name"
278-->src/main/AndroidManifest.xml:226:13-45
279            android:launchMode="singleInstance" />
279-->src/main/AndroidManifest.xml:227:13-48
280        <activity
280-->src/main/AndroidManifest.xml:228:9-232:51
281            android:name="com.cabdespatch.driverapp.beta.activities2017.DocumentScanner"
281-->src/main/AndroidManifest.xml:229:13-59
282            android:hardwareAccelerated="false"
282-->src/main/AndroidManifest.xml:230:13-48
283            android:label="@string/app_name"
283-->src/main/AndroidManifest.xml:231:13-45
284            android:launchMode="singleInstance" />
284-->src/main/AndroidManifest.xml:232:13-48
285        <activity
285-->src/main/AndroidManifest.xml:233:9-236:72
286            android:name="com.cabdespatch.driverapp.beta.activities.ManagerModeMenu"
286-->src/main/AndroidManifest.xml:234:13-55
287            android:hardwareAccelerated="false"
287-->src/main/AndroidManifest.xml:235:13-48
288            android:label="@string/title_activity_manager_mode_menu" />
288-->src/main/AndroidManifest.xml:236:13-69
289        <activity
289-->src/main/AndroidManifest.xml:237:9-240:68
290            android:name="com.cabdespatch.driverapp.beta.activities.SoundChooser"
290-->src/main/AndroidManifest.xml:238:13-52
291            android:hardwareAccelerated="false"
291-->src/main/AndroidManifest.xml:239:13-48
292            android:label="@string/title_activity_sound_chooser" />
292-->src/main/AndroidManifest.xml:240:13-65
293        <activity
293-->src/main/AndroidManifest.xml:241:9-243:58
294            android:name="com.cabdespatch.driverapp.beta.activities.POD"
294-->src/main/AndroidManifest.xml:242:13-43
295            android:label="@string/title_activity_pod" />
295-->src/main/AndroidManifest.xml:243:13-55
296        <activity
296-->src/main/AndroidManifest.xml:244:9-247:46
297            android:name="com.cabdespatch.driverapp.beta.activities2017.LoggedInHost"
297-->src/main/AndroidManifest.xml:245:13-56
298            android:label="@string/title_activity_logged_in_host"
298-->src/main/AndroidManifest.xml:246:13-66
299            android:launchMode="singleTop" />
299-->src/main/AndroidManifest.xml:247:13-43
300        <activity
300-->src/main/AndroidManifest.xml:248:9-251:46
301            android:name="com.cabdespatch.driverapp.beta.activities2017.DataMonitorActivity"
301-->src/main/AndroidManifest.xml:249:13-63
302            android:label="Dev Monitor"
302-->src/main/AndroidManifest.xml:250:13-40
303            android:launchMode="singleTop" />
303-->src/main/AndroidManifest.xml:251:13-43
304        <activity
304-->src/main/AndroidManifest.xml:252:9-254:48
305            android:name="com.cabdespatch.driverapp.beta.activities2017.PermissionActivity"
305-->src/main/AndroidManifest.xml:253:13-62
306            android:label="@string/app_name" />
306-->src/main/AndroidManifest.xml:254:13-45
307
308        <receiver
308-->src/main/AndroidManifest.xml:256:9-263:20